<?xml version="1.0" encoding="UTF-8"?>
<testsuite name="itx.diffiehellman.DiffieHellmanTest" tests="100" skipped="0" failures="0" errors="0" timestamp="2021-01-16T20:43:13" hostname="WORKSTATION" time="0.034">
  <properties/>
  <testcase name="diffieHellmanSecretKeyGenerationTest" classname="itx.diffiehellman.DiffieHellmanTest" time="0.003"/>
  <testcase name="diffieHellmanSecretKeyGenerationTest" classname="itx.diffiehellman.DiffieHellmanTest" time="0.0"/>
  <testcase name="diffieHellmanSecretKeyGenerationTest" classname="itx.diffiehellman.DiffieHellmanTest" time="0.001"/>
  <testcase name="diffieHellmanSecretKeyGenerationTest" classname="itx.diffiehellman.DiffieHellmanTest" time="0.0"/>
  <testcase name="diffieHellmanSecretKeyGenerationTest" classname="itx.diffiehellman.DiffieHellmanTest" time="0.001"/>
  <testcase name="diffieHellmanSecretKeyGenerationTest" classname="itx.diffiehellman.DiffieHellmanTest" time="0.0"/>
  <testcase name="diffieHellmanSecretKeyGenerationTest" classname="itx.diffiehellman.DiffieHellmanTest" time="0.001"/>
  <testcase name="diffieHellmanSecretKeyGenerationTest" classname="itx.diffiehellman.DiffieHellmanTest" time="0.0"/>
  <testcase name="diffieHellmanSecretKeyGenerationTest" classname="itx.diffiehellman.DiffieHellmanTest" time="0.0"/>
  <testcase name="diffieHellmanSecretKeyGenerationTest" classname="itx.diffiehellman.DiffieHellmanTest" time="0.001"/>
  <testcase name="diffieHellmanSecretKeyGenerationTest" classname="itx.diffiehellman.DiffieHellmanTest" time="0.0"/>
  <testcase name="diffieHellmanSecretKeyGenerationTest" classname="itx.diffiehellman.DiffieHellmanTest" time="0.0"/>
  <testcase name="diffieHellmanSecretKeyGenerationTest" classname="itx.diffiehellman.DiffieHellmanTest" time="0.0"/>
  <testcase name="diffieHellmanSecretKeyGenerationTest" classname="itx.diffiehellman.DiffieHellmanTest" time="0.0"/>
  <testcase name="diffieHellmanSecretKeyGenerationTest" classname="itx.diffiehellman.DiffieHellmanTest" time="0.0"/>
  <testcase name="diffieHellmanSecretKeyGenerationTest" classname="itx.diffiehellman.DiffieHellmanTest" time="0.0"/>
  <testcase name="diffieHellmanSecretKeyGenerationTest" classname="itx.diffiehellman.DiffieHellmanTest" time="0.0"/>
  <testcase name="diffieHellmanSecretKeyGenerationTest" classname="itx.diffiehellman.DiffieHellmanTest" time="0.0"/>
  <testcase name="diffieHellmanSecretKeyGenerationTest" classname="itx.diffiehellman.DiffieHellmanTest" time="0.001"/>
  <testcase name="diffieHellmanSecretKeyGenerationTest" classname="itx.diffiehellman.DiffieHellmanTest" time="0.0"/>
  <testcase name="diffieHellmanSecretKeyGenerationTest" classname="itx.diffiehellman.DiffieHellmanTest" time="0.0"/>
  <testcase name="diffieHellmanSecretKeyGenerationTest" classname="itx.diffiehellman.DiffieHellmanTest" time="0.0"/>
  <testcase name="diffieHellmanSecretKeyGenerationTest" classname="itx.diffiehellman.DiffieHellmanTest" time="0.0"/>
  <testcase name="diffieHellmanSecretKeyGenerationTest" classname="itx.diffiehellman.DiffieHellmanTest" time="0.0"/>
  <testcase name="diffieHellmanSecretKeyGenerationTest" classname="itx.diffiehellman.DiffieHellmanTest" time="0.0"/>
  <testcase name="diffieHellmanSecretKeyGenerationTest" classname="itx.diffiehellman.DiffieHellmanTest" time="0.001"/>
  <testcase name="diffieHellmanSecretKeyGenerationTest" classname="itx.diffiehellman.DiffieHellmanTest" time="0.0"/>
  <testcase name="diffieHellmanSecretKeyGenerationTest" classname="itx.diffiehellman.DiffieHellmanTest" time="0.0"/>
  <testcase name="diffieHellmanSecretKeyGenerationTest" classname="itx.diffiehellman.DiffieHellmanTest" time="0.0"/>
  <testcase name="diffieHellmanSecretKeyGenerationTest" classname="itx.diffiehellman.DiffieHellmanTest" time="0.0"/>
  <testcase name="diffieHellmanSecretKeyGenerationTest" classname="itx.diffiehellman.DiffieHellmanTest" time="0.0"/>
  <testcase name="diffieHellmanSecretKeyGenerationTest" classname="itx.diffiehellman.DiffieHellmanTest" time="0.001"/>
  <testcase name="diffieHellmanSecretKeyGenerationTest" classname="itx.diffiehellman.DiffieHellmanTest" time="0.0"/>
  <testcase name="diffieHellmanSecretKeyGenerationTest" classname="itx.diffiehellman.DiffieHellmanTest" time="0.0"/>
  <testcase name="diffieHellmanSecretKeyGenerationTest" classname="itx.diffiehellman.DiffieHellmanTest" time="0.001"/>
  <testcase name="diffieHellmanSecretKeyGenerationTest" classname="itx.diffiehellman.DiffieHellmanTest" time="0.0"/>
  <testcase name="diffieHellmanSecretKeyGenerationTest" classname="itx.diffiehellman.DiffieHellmanTest" time="0.0"/>
  <testcase name="diffieHellmanSecretKeyGenerationTest" classname="itx.diffiehellman.DiffieHellmanTest" time="0.001"/>
  <testcase name="diffieHellmanSecretKeyGenerationTest" classname="itx.diffiehellman.DiffieHellmanTest" time="0.0"/>
  <testcase name="diffieHellmanSecretKeyGenerationTest" classname="itx.diffiehellman.DiffieHellmanTest" time="0.0"/>
  <testcase name="diffieHellmanSecretKeyGenerationTest" classname="itx.diffiehellman.DiffieHellmanTest" time="0.0"/>
  <testcase name="diffieHellmanSecretKeyGenerationTest" classname="itx.diffiehellman.DiffieHellmanTest" time="0.0"/>
  <testcase name="diffieHellmanSecretKeyGenerationTest" classname="itx.diffiehellman.DiffieHellmanTest" time="0.0"/>
  <testcase name="diffieHellmanSecretKeyGenerationTest" classname="itx.diffiehellman.DiffieHellmanTest" time="0.0"/>
  <testcase name="diffieHellmanSecretKeyGenerationTest" classname="itx.diffiehellman.DiffieHellmanTest" time="0.0"/>
  <testcase name="diffieHellmanSecretKeyGenerationTest" classname="itx.diffiehellman.DiffieHellmanTest" time="0.0"/>
  <testcase name="diffieHellmanSecretKeyGenerationTest" classname="itx.diffiehellman.DiffieHellmanTest" time="0.0"/>
  <testcase name="diffieHellmanSecretKeyGenerationTest" classname="itx.diffiehellman.DiffieHellmanTest" time="0.001"/>
  <testcase name="diffieHellmanSecretKeyGenerationTest" classname="itx.diffiehellman.DiffieHellmanTest" time="0.0"/>
  <testcase name="diffieHellmanSecretKeyGenerationTest" classname="itx.diffiehellman.DiffieHellmanTest" time="0.0"/>
  <testcase name="diffieHellmanSecretKeyGenerationTest" classname="itx.diffiehellman.DiffieHellmanTest" time="0.0"/>
  <testcase name="diffieHellmanSecretKeyGenerationTest" classname="itx.diffiehellman.DiffieHellmanTest" time="0.0"/>
  <testcase name="diffieHellmanSecretKeyGenerationTest" classname="itx.diffiehellman.DiffieHellmanTest" time="0.0"/>
  <testcase name="diffieHellmanSecretKeyGenerationTest" classname="itx.diffiehellman.DiffieHellmanTest" time="0.0"/>
  <testcase name="diffieHellmanSecretKeyGenerationTest" classname="itx.diffiehellman.DiffieHellmanTest" time="0.0"/>
  <testcase name="diffieHellmanSecretKeyGenerationTest" classname="itx.diffiehellman.DiffieHellmanTest" time="0.0"/>
  <testcase name="diffieHellmanSecretKeyGenerationTest" classname="itx.diffiehellman.DiffieHellmanTest" time="0.0"/>
  <testcase name="diffieHellmanSecretKeyGenerationTest" classname="itx.diffiehellman.DiffieHellmanTest" time="0.0"/>
  <testcase name="diffieHellmanSecretKeyGenerationTest" classname="itx.diffiehellman.DiffieHellmanTest" time="0.0"/>
  <testcase name="diffieHellmanSecretKeyGenerationTest" classname="itx.diffiehellman.DiffieHellmanTest" time="0.0"/>
  <testcase name="diffieHellmanSecretKeyGenerationTest" classname="itx.diffiehellman.DiffieHellmanTest" time="0.0"/>
  <testcase name="diffieHellmanSecretKeyGenerationTest" classname="itx.diffiehellman.DiffieHellmanTest" time="0.0"/>
  <testcase name="diffieHellmanSecretKeyGenerationTest" classname="itx.diffiehellman.DiffieHellmanTest" time="0.001"/>
  <testcase name="diffieHellmanSecretKeyGenerationTest" classname="itx.diffiehellman.DiffieHellmanTest" time="0.0"/>
  <testcase name="diffieHellmanSecretKeyGenerationTest" classname="itx.diffiehellman.DiffieHellmanTest" time="0.0"/>
  <testcase name="diffieHellmanSecretKeyGenerationTest" classname="itx.diffiehellman.DiffieHellmanTest" time="0.0"/>
  <testcase name="diffieHellmanSecretKeyGenerationTest" classname="itx.diffiehellman.DiffieHellmanTest" time="0.0"/>
  <testcase name="diffieHellmanSecretKeyGenerationTest" classname="itx.diffiehellman.DiffieHellmanTest" time="0.0"/>
  <testcase name="diffieHellmanSecretKeyGenerationTest" classname="itx.diffiehellman.DiffieHellmanTest" time="0.0"/>
  <testcase name="diffieHellmanSecretKeyGenerationTest" classname="itx.diffiehellman.DiffieHellmanTest" time="0.001"/>
  <testcase name="diffieHellmanSecretKeyGenerationTest" classname="itx.diffiehellman.DiffieHellmanTest" time="0.0"/>
  <testcase name="diffieHellmanSecretKeyGenerationTest" classname="itx.diffiehellman.DiffieHellmanTest" time="0.0"/>
  <testcase name="diffieHellmanSecretKeyGenerationTest" classname="itx.diffiehellman.DiffieHellmanTest" time="0.0"/>
  <testcase name="diffieHellmanSecretKeyGenerationTest" classname="itx.diffiehellman.DiffieHellmanTest" time="0.0"/>
  <testcase name="diffieHellmanSecretKeyGenerationTest" classname="itx.diffiehellman.DiffieHellmanTest" time="0.0"/>
  <testcase name="diffieHellmanSecretKeyGenerationTest" classname="itx.diffiehellman.DiffieHellmanTest" time="0.0"/>
  <testcase name="diffieHellmanSecretKeyGenerationTest" classname="itx.diffiehellman.DiffieHellmanTest" time="0.0"/>
  <testcase name="diffieHellmanSecretKeyGenerationTest" classname="itx.diffiehellman.DiffieHellmanTest" time="0.0"/>
  <testcase name="diffieHellmanSecretKeyGenerationTest" classname="itx.diffiehellman.DiffieHellmanTest" time="0.0"/>
  <testcase name="diffieHellmanSecretKeyGenerationTest" classname="itx.diffiehellman.DiffieHellmanTest" time="0.0"/>
  <testcase name="diffieHellmanSecretKeyGenerationTest" classname="itx.diffiehellman.DiffieHellmanTest" time="0.0"/>
  <testcase name="diffieHellmanSecretKeyGenerationTest" classname="itx.diffiehellman.DiffieHellmanTest" time="0.0"/>
  <testcase name="diffieHellmanSecretKeyGenerationTest" classname="itx.diffiehellman.DiffieHellmanTest" time="0.0"/>
  <testcase name="diffieHellmanSecretKeyGenerationTest" classname="itx.diffiehellman.DiffieHellmanTest" time="0.0"/>
  <testcase name="diffieHellmanSecretKeyGenerationTest" classname="itx.diffiehellman.DiffieHellmanTest" time="0.0"/>
  <testcase name="diffieHellmanSecretKeyGenerationTest" classname="itx.diffiehellman.DiffieHellmanTest" time="0.0"/>
  <testcase name="diffieHellmanSecretKeyGenerationTest" classname="itx.diffiehellman.DiffieHellmanTest" time="0.0"/>
  <testcase name="diffieHellmanSecretKeyGenerationTest" classname="itx.diffiehellman.DiffieHellmanTest" time="0.0"/>
  <testcase name="diffieHellmanSecretKeyGenerationTest" classname="itx.diffiehellman.DiffieHellmanTest" time="0.001"/>
  <testcase name="diffieHellmanSecretKeyGenerationTest" classname="itx.diffiehellman.DiffieHellmanTest" time="0.0"/>
  <testcase name="diffieHellmanSecretKeyGenerationTest" classname="itx.diffiehellman.DiffieHellmanTest" time="0.0"/>
  <testcase name="diffieHellmanSecretKeyGenerationTest" classname="itx.diffiehellman.DiffieHellmanTest" time="0.0"/>
  <testcase name="diffieHellmanSecretKeyGenerationTest" classname="itx.diffiehellman.DiffieHellmanTest" time="0.001"/>
  <testcase name="diffieHellmanSecretKeyGenerationTest" classname="itx.diffiehellman.DiffieHellmanTest" time="0.0"/>
  <testcase name="diffieHellmanSecretKeyGenerationTest" classname="itx.diffiehellman.DiffieHellmanTest" time="0.0"/>
  <testcase name="diffieHellmanSecretKeyGenerationTest" classname="itx.diffiehellman.DiffieHellmanTest" time="0.0"/>
  <testcase name="diffieHellmanSecretKeyGenerationTest" classname="itx.diffiehellman.DiffieHellmanTest" time="0.001"/>
  <testcase name="diffieHellmanSecretKeyGenerationTest" classname="itx.diffiehellman.DiffieHellmanTest" time="0.0"/>
  <testcase name="diffieHellmanSecretKeyGenerationTest" classname="itx.diffiehellman.DiffieHellmanTest" time="0.0"/>
  <testcase name="diffieHellmanSecretKeyGenerationTest" classname="itx.diffiehellman.DiffieHellmanTest" time="0.0"/>
  <system-out><![CDATA[]]></system-out>
  <system-err><![CDATA[]]></system-err>
</testsuite>
